running egg_info
creating ../../build/self_driving_car_pkg/self_driving_car_pkg.egg-info
writing ../../build/self_driving_car_pkg/self_driving_car_pkg.egg-info/PKG-INFO
writing dependency_links to ../../build/self_driving_car_pkg/self_driving_car_pkg.egg-info/dependency_links.txt
writing entry points to ../../build/self_driving_car_pkg/self_driving_car_pkg.egg-info/entry_points.txt
writing requirements to ../../build/self_driving_car_pkg/self_driving_car_pkg.egg-info/requires.txt
writing top-level names to ../../build/self_driving_car_pkg/self_driving_car_pkg.egg-info/top_level.txt
writing manifest file '../../build/self_driving_car_pkg/self_driving_car_pkg.egg-info/SOURCES.txt'
reading manifest file '../../build/self_driving_car_pkg/self_driving_car_pkg.egg-info/SOURCES.txt'
writing manifest file '../../build/self_driving_car_pkg/self_driving_car_pkg.egg-info/SOURCES.txt'
running build
running build_py
creating /home/leelang/auto_ws/build/self_driving_car_pkg/build
creating /home/leelang/auto_ws/build/self_driving_car_pkg/build/lib
creating /home/leelang/auto_ws/build/self_driving_car_pkg/build/lib/self_driving_car_pkg
copying self_driving_car_pkg/__init__.py -> /home/leelang/auto_ws/build/self_driving_car_pkg/build/lib/self_driving_car_pkg
running install
running install_lib
creating /home/leelang/auto_ws/install/self_driving_car_pkg/lib/python3.10/site-packages/self_driving_car_pkg
copying /home/leelang/auto_ws/build/self_driving_car_pkg/build/lib/self_driving_car_pkg/__init__.py -> /home/leelang/auto_ws/install/self_driving_car_pkg/lib/python3.10/site-packages/self_driving_car_pkg
byte-compiling /home/leelang/auto_ws/install/self_driving_car_pkg/lib/python3.10/site-packages/self_driving_car_pkg/__init__.py to __init__.cpython-310.pyc
running install_data
creating /home/leelang/auto_ws/install/self_driving_car_pkg/share/ament_index
creating /home/leelang/auto_ws/install/self_driving_car_pkg/share/ament_index/resource_index
creating /home/leelang/auto_ws/install/self_driving_car_pkg/share/ament_index/resource_index/packages
copying resource/self_driving_car_pkg -> /home/leelang/auto_ws/install/self_driving_car_pkg/share/ament_index/resource_index/packages
copying package.xml -> /home/leelang/auto_ws/install/self_driving_car_pkg/share/self_driving_car_pkg
running install_egg_info
Copying ../../build/self_driving_car_pkg/self_driving_car_pkg.egg-info to /home/leelang/auto_ws/install/self_driving_car_pkg/lib/python3.10/site-packages/self_driving_car_pkg-0.0.0-py3.10.egg-info
running install_scripts
writing list of installed files to '/home/leelang/auto_ws/build/self_driving_car_pkg/install.log'
