[0.681s] Invoking command in '/home/leelang/auto_ws/src/self_driving_car_pkg': PYTHONPATH=/home/leelang/auto_ws/build/self_driving_car_pkg/prefix_override:/usr/lib/python3/dist-packages/colcon_core/task/python/colcon_distutils_commands:/home/leelang/auto_ws/install/self_driving_car_pkg/lib/python3.10/site-packages:${PYTHONPATH} /usr/bin/python3 -W ignore:setup.py install is deprecated setup.py egg_info --egg-base ../../build/self_driving_car_pkg build --build-base /home/leelang/auto_ws/build/self_driving_car_pkg/build install --record /home/leelang/auto_ws/build/self_driving_car_pkg/install.log --single-version-externally-managed install_data
[0.932s] running egg_info
[0.933s] creating ../../build/self_driving_car_pkg/self_driving_car_pkg.egg-info
[0.933s] writing ../../build/self_driving_car_pkg/self_driving_car_pkg.egg-info/PKG-INFO
[0.934s] writing dependency_links to ../../build/self_driving_car_pkg/self_driving_car_pkg.egg-info/dependency_links.txt
[0.934s] writing entry points to ../../build/self_driving_car_pkg/self_driving_car_pkg.egg-info/entry_points.txt
[0.934s] writing requirements to ../../build/self_driving_car_pkg/self_driving_car_pkg.egg-info/requires.txt
[0.934s] writing top-level names to ../../build/self_driving_car_pkg/self_driving_car_pkg.egg-info/top_level.txt
[0.934s] writing manifest file '../../build/self_driving_car_pkg/self_driving_car_pkg.egg-info/SOURCES.txt'
[0.936s] reading manifest file '../../build/self_driving_car_pkg/self_driving_car_pkg.egg-info/SOURCES.txt'
[0.937s] writing manifest file '../../build/self_driving_car_pkg/self_driving_car_pkg.egg-info/SOURCES.txt'
[0.937s] running build
[0.937s] running build_py
[0.937s] creating /home/leelang/auto_ws/build/self_driving_car_pkg/build
[0.937s] creating /home/leelang/auto_ws/build/self_driving_car_pkg/build/lib
[0.937s] creating /home/leelang/auto_ws/build/self_driving_car_pkg/build/lib/self_driving_car_pkg
[0.938s] copying self_driving_car_pkg/__init__.py -> /home/leelang/auto_ws/build/self_driving_car_pkg/build/lib/self_driving_car_pkg
[0.938s] running install
[0.938s] running install_lib
[0.939s] creating /home/leelang/auto_ws/install/self_driving_car_pkg/lib/python3.10/site-packages/self_driving_car_pkg
[0.939s] copying /home/leelang/auto_ws/build/self_driving_car_pkg/build/lib/self_driving_car_pkg/__init__.py -> /home/leelang/auto_ws/install/self_driving_car_pkg/lib/python3.10/site-packages/self_driving_car_pkg
[0.939s] byte-compiling /home/leelang/auto_ws/install/self_driving_car_pkg/lib/python3.10/site-packages/self_driving_car_pkg/__init__.py to __init__.cpython-310.pyc
[0.940s] running install_data
[0.940s] creating /home/leelang/auto_ws/install/self_driving_car_pkg/share/ament_index
[0.940s] creating /home/leelang/auto_ws/install/self_driving_car_pkg/share/ament_index/resource_index
[0.940s] creating /home/leelang/auto_ws/install/self_driving_car_pkg/share/ament_index/resource_index/packages
[0.941s] copying resource/self_driving_car_pkg -> /home/leelang/auto_ws/install/self_driving_car_pkg/share/ament_index/resource_index/packages
[0.941s] copying package.xml -> /home/leelang/auto_ws/install/self_driving_car_pkg/share/self_driving_car_pkg
[0.941s] running install_egg_info
[0.942s] Copying ../../build/self_driving_car_pkg/self_driving_car_pkg.egg-info to /home/leelang/auto_ws/install/self_driving_car_pkg/lib/python3.10/site-packages/self_driving_car_pkg-0.0.0-py3.10.egg-info
[0.943s] running install_scripts
[0.963s] writing list of installed files to '/home/leelang/auto_ws/build/self_driving_car_pkg/install.log'
[0.990s] Invoked command in '/home/leelang/auto_ws/src/self_driving_car_pkg' returned '0': PYTHONPATH=/home/leelang/auto_ws/build/self_driving_car_pkg/prefix_override:/usr/lib/python3/dist-packages/colcon_core/task/python/colcon_distutils_commands:/home/leelang/auto_ws/install/self_driving_car_pkg/lib/python3.10/site-packages:${PYTHONPATH} /usr/bin/python3 -W ignore:setup.py install is deprecated setup.py egg_info --egg-base ../../build/self_driving_car_pkg build --build-base /home/leelang/auto_ws/build/self_driving_car_pkg/build install --record /home/leelang/auto_ws/build/self_driving_car_pkg/install.log --single-version-externally-managed install_data
