[0.975s] Invoking command in '/home/leelang/auto_ws/src/self_driving_car_pkg': PYTHONPATH=/home/leelang/auto_ws/build/self_driving_car_pkg/prefix_override:/usr/lib/python3/dist-packages/colcon_core/task/python/colcon_distutils_commands:/home/leelang/auto_ws/install/self_driving_car_pkg/lib/python3.10/site-packages:${PYTHONPATH} /usr/bin/python3 -W ignore:setup.py install is deprecated setup.py egg_info --egg-base ../../build/self_driving_car_pkg build --build-base /home/leelang/auto_ws/build/self_driving_car_pkg/build install --record /home/leelang/auto_ws/build/self_driving_car_pkg/install.log --single-version-externally-managed install_data
[1.326s] running egg_info
[1.327s] writing ../../build/self_driving_car_pkg/self_driving_car_pkg.egg-info/PKG-INFO
[1.328s] writing dependency_links to ../../build/self_driving_car_pkg/self_driving_car_pkg.egg-info/dependency_links.txt
[1.328s] writing entry points to ../../build/self_driving_car_pkg/self_driving_car_pkg.egg-info/entry_points.txt
[1.328s] writing requirements to ../../build/self_driving_car_pkg/self_driving_car_pkg.egg-info/requires.txt
[1.328s] writing top-level names to ../../build/self_driving_car_pkg/self_driving_car_pkg.egg-info/top_level.txt
[1.333s] reading manifest file '../../build/self_driving_car_pkg/self_driving_car_pkg.egg-info/SOURCES.txt'
[1.335s] writing manifest file '../../build/self_driving_car_pkg/self_driving_car_pkg.egg-info/SOURCES.txt'
[1.336s] running build
[1.336s] running build_py
[1.338s] copying self_driving_car_pkg/drive_node.py -> /home/leelang/auto_ws/build/self_driving_car_pkg/build/lib/self_driving_car_pkg
[1.339s] running install
[1.341s] running install_lib
[1.342s] copying /home/leelang/auto_ws/build/self_driving_car_pkg/build/lib/self_driving_car_pkg/drive_node.py -> /home/leelang/auto_ws/install/self_driving_car_pkg/lib/python3.10/site-packages/self_driving_car_pkg
[1.343s] byte-compiling /home/leelang/auto_ws/install/self_driving_car_pkg/lib/python3.10/site-packages/self_driving_car_pkg/drive_node.py to drive_node.cpython-310.pyc
[1.343s] running install_data
[1.344s] running install_egg_info
[1.346s] removing '/home/leelang/auto_ws/install/self_driving_car_pkg/lib/python3.10/site-packages/self_driving_car_pkg-0.0.0-py3.10.egg-info' (and everything under it)
[1.346s] Copying ../../build/self_driving_car_pkg/self_driving_car_pkg.egg-info to /home/leelang/auto_ws/install/self_driving_car_pkg/lib/python3.10/site-packages/self_driving_car_pkg-0.0.0-py3.10.egg-info
[1.348s] running install_scripts
[1.376s] Installing drive_node script to /home/leelang/auto_ws/install/self_driving_car_pkg/lib/self_driving_car_pkg
[1.376s] writing list of installed files to '/home/leelang/auto_ws/build/self_driving_car_pkg/install.log'
[1.413s] Invoked command in '/home/leelang/auto_ws/src/self_driving_car_pkg' returned '0': PYTHONPATH=/home/leelang/auto_ws/build/self_driving_car_pkg/prefix_override:/usr/lib/python3/dist-packages/colcon_core/task/python/colcon_distutils_commands:/home/leelang/auto_ws/install/self_driving_car_pkg/lib/python3.10/site-packages:${PYTHONPATH} /usr/bin/python3 -W ignore:setup.py install is deprecated setup.py egg_info --egg-base ../../build/self_driving_car_pkg build --build-base /home/leelang/auto_ws/build/self_driving_car_pkg/build install --record /home/leelang/auto_ws/build/self_driving_car_pkg/install.log --single-version-externally-managed install_data
