[0.682s] Invoking command in '/home/leelang/auto_ws/src/self_driving_car_pkg': PYTHONPATH=/home/leelang/auto_ws/src/build/self_driving_car_pkg/prefix_override:/usr/lib/python3/dist-packages/colcon_core/task/python/colcon_distutils_commands:/home/leelang/auto_ws/src/install/self_driving_car_pkg/lib/python3.10/site-packages:${PYTHONPATH} /usr/bin/python3 -W ignore:setup.py install is deprecated setup.py egg_info --egg-base ../build/self_driving_car_pkg build --build-base /home/leelang/auto_ws/src/build/self_driving_car_pkg/build install --record /home/leelang/auto_ws/src/build/self_driving_car_pkg/install.log --single-version-externally-managed install_data
[0.933s] running egg_info
[0.935s] writing ../build/self_driving_car_pkg/self_driving_car_pkg.egg-info/PKG-INFO
[0.935s] writing dependency_links to ../build/self_driving_car_pkg/self_driving_car_pkg.egg-info/dependency_links.txt
[0.935s] writing entry points to ../build/self_driving_car_pkg/self_driving_car_pkg.egg-info/entry_points.txt
[0.935s] writing requirements to ../build/self_driving_car_pkg/self_driving_car_pkg.egg-info/requires.txt
[0.936s] writing top-level names to ../build/self_driving_car_pkg/self_driving_car_pkg.egg-info/top_level.txt
[0.937s] reading manifest file '../build/self_driving_car_pkg/self_driving_car_pkg.egg-info/SOURCES.txt'
[0.938s] writing manifest file '../build/self_driving_car_pkg/self_driving_car_pkg.egg-info/SOURCES.txt'
[0.939s] running build
[0.939s] running build_py
[0.939s] running install
[0.939s] running install_lib
[0.940s] creating /home/leelang/auto_ws/src/install/self_driving_car_pkg/lib/python3.10/site-packages/self_driving_car_pkg
[0.940s] copying /home/leelang/auto_ws/src/build/self_driving_car_pkg/build/lib/self_driving_car_pkg/__init__.py -> /home/leelang/auto_ws/src/install/self_driving_car_pkg/lib/python3.10/site-packages/self_driving_car_pkg
[0.941s] byte-compiling /home/leelang/auto_ws/src/install/self_driving_car_pkg/lib/python3.10/site-packages/self_driving_car_pkg/__init__.py to __init__.cpython-310.pyc
[0.941s] running install_data
[0.941s] creating /home/leelang/auto_ws/src/install/self_driving_car_pkg/share/ament_index
[0.941s] creating /home/leelang/auto_ws/src/install/self_driving_car_pkg/share/ament_index/resource_index
[0.942s] creating /home/leelang/auto_ws/src/install/self_driving_car_pkg/share/ament_index/resource_index/packages
[0.942s] copying resource/self_driving_car_pkg -> /home/leelang/auto_ws/src/install/self_driving_car_pkg/share/ament_index/resource_index/packages
[0.942s] copying package.xml -> /home/leelang/auto_ws/src/install/self_driving_car_pkg/share/self_driving_car_pkg
[0.942s] running install_egg_info
[0.943s] Copying ../build/self_driving_car_pkg/self_driving_car_pkg.egg-info to /home/leelang/auto_ws/src/install/self_driving_car_pkg/lib/python3.10/site-packages/self_driving_car_pkg-0.0.0-py3.10.egg-info
[0.945s] running install_scripts
[0.968s] writing list of installed files to '/home/leelang/auto_ws/src/build/self_driving_car_pkg/install.log'
[0.995s] Invoked command in '/home/leelang/auto_ws/src/self_driving_car_pkg' returned '0': PYTHONPATH=/home/leelang/auto_ws/src/build/self_driving_car_pkg/prefix_override:/usr/lib/python3/dist-packages/colcon_core/task/python/colcon_distutils_commands:/home/leelang/auto_ws/src/install/self_driving_car_pkg/lib/python3.10/site-packages:${PYTHONPATH} /usr/bin/python3 -W ignore:setup.py install is deprecated setup.py egg_info --egg-base ../build/self_driving_car_pkg build --build-base /home/leelang/auto_ws/src/build/self_driving_car_pkg/build install --record /home/leelang/auto_ws/src/build/self_driving_car_pkg/install.log --single-version-externally-managed install_data
