running egg_info
writing ../../build/self_driving_car_pkg/self_driving_car_pkg.egg-info/PKG-INFO
writing dependency_links to ../../build/self_driving_car_pkg/self_driving_car_pkg.egg-info/dependency_links.txt
writing entry points to ../../build/self_driving_car_pkg/self_driving_car_pkg.egg-info/entry_points.txt
writing requirements to ../../build/self_driving_car_pkg/self_driving_car_pkg.egg-info/requires.txt
writing top-level names to ../../build/self_driving_car_pkg/self_driving_car_pkg.egg-info/top_level.txt
reading manifest file '../../build/self_driving_car_pkg/self_driving_car_pkg.egg-info/SOURCES.txt'
writing manifest file '../../build/self_driving_car_pkg/self_driving_car_pkg.egg-info/SOURCES.txt'
running build
running build_py
running install
running install_lib
running install_data
copying launch/world_gazebo.launch.py -> /home/leelang/auto_ws/install/self_driving_car_pkg/share/self_driving_car_pkg/launch
creating /home/leelang/auto_ws/install/self_driving_car_pkg/share/self_driving_car_pkg/worlds
running install_egg_info
removing '/home/leelang/auto_ws/install/self_driving_car_pkg/lib/python3.10/site-packages/self_driving_car_pkg-0.0.0-py3.10.egg-info' (and everything under it)
Copying ../../build/self_driving_car_pkg/self_driving_car_pkg.egg-info to /home/leelang/auto_ws/install/self_driving_car_pkg/lib/python3.10/site-packages/self_driving_car_pkg-0.0.0-py3.10.egg-info
running install_scripts
writing list of installed files to '/home/leelang/auto_ws/build/self_driving_car_pkg/install.log'
