[0.724s] Invoking command in '/home/leelang/auto_ws/src/self_driving_car_pkg': PYTHONPATH=/home/leelang/auto_ws/build/self_driving_car_pkg/prefix_override:/usr/lib/python3/dist-packages/colcon_core/task/python/colcon_distutils_commands:/home/leelang/auto_ws/install/self_driving_car_pkg/lib/python3.10/site-packages:${PYTHONPATH} /usr/bin/python3 -W ignore:setup.py install is deprecated setup.py egg_info --egg-base ../../build/self_driving_car_pkg build --build-base /home/leelang/auto_ws/build/self_driving_car_pkg/build install --record /home/leelang/auto_ws/build/self_driving_car_pkg/install.log --single-version-externally-managed install_data
[0.973s] running egg_info
[0.974s] writing ../../build/self_driving_car_pkg/self_driving_car_pkg.egg-info/PKG-INFO
[0.974s] writing dependency_links to ../../build/self_driving_car_pkg/self_driving_car_pkg.egg-info/dependency_links.txt
[0.974s] writing entry points to ../../build/self_driving_car_pkg/self_driving_car_pkg.egg-info/entry_points.txt
[0.975s] writing requirements to ../../build/self_driving_car_pkg/self_driving_car_pkg.egg-info/requires.txt
[0.975s] writing top-level names to ../../build/self_driving_car_pkg/self_driving_car_pkg.egg-info/top_level.txt
[0.977s] reading manifest file '../../build/self_driving_car_pkg/self_driving_car_pkg.egg-info/SOURCES.txt'
[0.978s] writing manifest file '../../build/self_driving_car_pkg/self_driving_car_pkg.egg-info/SOURCES.txt'
[0.979s] running build
[0.979s] running build_py
[0.979s] running install
[0.979s] running install_lib
[0.981s] running install_data
[0.981s] copying launch/world_gazebo.launch.py -> /home/leelang/auto_ws/install/self_driving_car_pkg/share/self_driving_car_pkg/launch
[0.981s] creating /home/leelang/auto_ws/install/self_driving_car_pkg/share/self_driving_car_pkg/worlds
[0.981s] running install_egg_info
[0.983s] removing '/home/leelang/auto_ws/install/self_driving_car_pkg/lib/python3.10/site-packages/self_driving_car_pkg-0.0.0-py3.10.egg-info' (and everything under it)
[0.984s] Copying ../../build/self_driving_car_pkg/self_driving_car_pkg.egg-info to /home/leelang/auto_ws/install/self_driving_car_pkg/lib/python3.10/site-packages/self_driving_car_pkg-0.0.0-py3.10.egg-info
[0.984s] running install_scripts
[1.007s] writing list of installed files to '/home/leelang/auto_ws/build/self_driving_car_pkg/install.log'
[1.040s] Invoked command in '/home/leelang/auto_ws/src/self_driving_car_pkg' returned '0': PYTHONPATH=/home/leelang/auto_ws/build/self_driving_car_pkg/prefix_override:/usr/lib/python3/dist-packages/colcon_core/task/python/colcon_distutils_commands:/home/leelang/auto_ws/install/self_driving_car_pkg/lib/python3.10/site-packages:${PYTHONPATH} /usr/bin/python3 -W ignore:setup.py install is deprecated setup.py egg_info --egg-base ../../build/self_driving_car_pkg build --build-base /home/leelang/auto_ws/build/self_driving_car_pkg/build install --record /home/leelang/auto_ws/build/self_driving_car_pkg/install.log --single-version-externally-managed install_data
