[0.686s] Invoking command in '/home/leelang/auto_ws/src/self_driving_car_pkg': PYTHONPATH=/home/leelang/auto_ws/src/self_driving_car_pkg/build/self_driving_car_pkg/prefix_override:/usr/lib/python3/dist-packages/colcon_core/task/python/colcon_distutils_commands:/home/leelang/auto_ws/src/self_driving_car_pkg/install/self_driving_car_pkg/lib/python3.10/site-packages:${PYTHONPATH} /usr/bin/python3 -W ignore:setup.py install is deprecated setup.py egg_info --egg-base build/self_driving_car_pkg build --build-base /home/leelang/auto_ws/src/self_driving_car_pkg/build/self_driving_car_pkg/build install --record /home/leelang/auto_ws/src/self_driving_car_pkg/build/self_driving_car_pkg/install.log --single-version-externally-managed install_data
[0.938s] running egg_info
[0.939s] creating build/self_driving_car_pkg/self_driving_car_pkg.egg-info
[0.939s] writing build/self_driving_car_pkg/self_driving_car_pkg.egg-info/PKG-INFO
[0.939s] writing dependency_links to build/self_driving_car_pkg/self_driving_car_pkg.egg-info/dependency_links.txt
[0.939s] writing entry points to build/self_driving_car_pkg/self_driving_car_pkg.egg-info/entry_points.txt
[0.940s] writing requirements to build/self_driving_car_pkg/self_driving_car_pkg.egg-info/requires.txt
[0.940s] writing top-level names to build/self_driving_car_pkg/self_driving_car_pkg.egg-info/top_level.txt
[0.940s] writing manifest file 'build/self_driving_car_pkg/self_driving_car_pkg.egg-info/SOURCES.txt'
[0.942s] reading manifest file 'build/self_driving_car_pkg/self_driving_car_pkg.egg-info/SOURCES.txt'
[0.942s] writing manifest file 'build/self_driving_car_pkg/self_driving_car_pkg.egg-info/SOURCES.txt'
[0.943s] running build
[0.943s] running build_py
[0.943s] creating /home/leelang/auto_ws/src/self_driving_car_pkg/build/self_driving_car_pkg/build
[0.943s] creating /home/leelang/auto_ws/src/self_driving_car_pkg/build/self_driving_car_pkg/build/lib
[0.943s] creating /home/leelang/auto_ws/src/self_driving_car_pkg/build/self_driving_car_pkg/build/lib/self_driving_car_pkg
[0.943s] copying self_driving_car_pkg/__init__.py -> /home/leelang/auto_ws/src/self_driving_car_pkg/build/self_driving_car_pkg/build/lib/self_driving_car_pkg
[0.944s] running install
[0.944s] running install_lib
[0.945s] creating /home/leelang/auto_ws/src/self_driving_car_pkg/install/self_driving_car_pkg/lib/python3.10/site-packages/self_driving_car_pkg
[0.945s] copying /home/leelang/auto_ws/src/self_driving_car_pkg/build/self_driving_car_pkg/build/lib/self_driving_car_pkg/__init__.py -> /home/leelang/auto_ws/src/self_driving_car_pkg/install/self_driving_car_pkg/lib/python3.10/site-packages/self_driving_car_pkg
[0.945s] byte-compiling /home/leelang/auto_ws/src/self_driving_car_pkg/install/self_driving_car_pkg/lib/python3.10/site-packages/self_driving_car_pkg/__init__.py to __init__.cpython-310.pyc
[0.946s] running install_data
[0.946s] creating /home/leelang/auto_ws/src/self_driving_car_pkg/install/self_driving_car_pkg/share/ament_index
[0.946s] creating /home/leelang/auto_ws/src/self_driving_car_pkg/install/self_driving_car_pkg/share/ament_index/resource_index
[0.946s] creating /home/leelang/auto_ws/src/self_driving_car_pkg/install/self_driving_car_pkg/share/ament_index/resource_index/packages
[0.946s] copying resource/self_driving_car_pkg -> /home/leelang/auto_ws/src/self_driving_car_pkg/install/self_driving_car_pkg/share/ament_index/resource_index/packages
[0.947s] copying package.xml -> /home/leelang/auto_ws/src/self_driving_car_pkg/install/self_driving_car_pkg/share/self_driving_car_pkg
[0.947s] running install_egg_info
[0.949s] Copying build/self_driving_car_pkg/self_driving_car_pkg.egg-info to /home/leelang/auto_ws/src/self_driving_car_pkg/install/self_driving_car_pkg/lib/python3.10/site-packages/self_driving_car_pkg-0.0.0-py3.10.egg-info
[0.950s] running install_scripts
[0.971s] writing list of installed files to '/home/leelang/auto_ws/src/self_driving_car_pkg/build/self_driving_car_pkg/install.log'
[1.001s] Invoked command in '/home/leelang/auto_ws/src/self_driving_car_pkg' returned '0': PYTHONPATH=/home/leelang/auto_ws/src/self_driving_car_pkg/build/self_driving_car_pkg/prefix_override:/usr/lib/python3/dist-packages/colcon_core/task/python/colcon_distutils_commands:/home/leelang/auto_ws/src/self_driving_car_pkg/install/self_driving_car_pkg/lib/python3.10/site-packages:${PYTHONPATH} /usr/bin/python3 -W ignore:setup.py install is deprecated setup.py egg_info --egg-base build/self_driving_car_pkg build --build-base /home/leelang/auto_ws/src/self_driving_car_pkg/build/self_driving_car_pkg/build install --record /home/leelang/auto_ws/src/self_driving_car_pkg/build/self_driving_car_pkg/install.log --single-version-externally-managed install_data
