[0.826s] Invoking command in '/home/leelang/auto_ws/src/self_driving_car_pkg': PYTHONPATH=/home/leelang/auto_ws/src/self_driving_car_pkg/build/self_driving_car_pkg/prefix_override:/usr/lib/python3/dist-packages/colcon_core/task/python/colcon_distutils_commands:/home/leelang/auto_ws/src/self_driving_car_pkg/install/self_driving_car_pkg/lib/python3.10/site-packages:${PYTHONPATH} /usr/bin/python3 -W ignore:setup.py install is deprecated setup.py egg_info --egg-base build/self_driving_car_pkg build --build-base /home/leelang/auto_ws/src/self_driving_car_pkg/build/self_driving_car_pkg/build install --record /home/leelang/auto_ws/src/self_driving_car_pkg/build/self_driving_car_pkg/install.log --single-version-externally-managed install_data
[1.073s] running egg_info
[1.074s] writing build/self_driving_car_pkg/self_driving_car_pkg.egg-info/PKG-INFO
[1.075s] writing dependency_links to build/self_driving_car_pkg/self_driving_car_pkg.egg-info/dependency_links.txt
[1.075s] writing entry points to build/self_driving_car_pkg/self_driving_car_pkg.egg-info/entry_points.txt
[1.075s] writing requirements to build/self_driving_car_pkg/self_driving_car_pkg.egg-info/requires.txt
[1.075s] writing top-level names to build/self_driving_car_pkg/self_driving_car_pkg.egg-info/top_level.txt
[1.077s] reading manifest file 'build/self_driving_car_pkg/self_driving_car_pkg.egg-info/SOURCES.txt'
[1.078s] writing manifest file 'build/self_driving_car_pkg/self_driving_car_pkg.egg-info/SOURCES.txt'
[1.078s] running build
[1.078s] running build_py
[1.078s] running install
[1.079s] running install_lib
[1.080s] running install_data
[1.080s] running install_egg_info
[1.082s] removing '/home/leelang/auto_ws/src/self_driving_car_pkg/install/self_driving_car_pkg/lib/python3.10/site-packages/self_driving_car_pkg-0.0.0-py3.10.egg-info' (and everything under it)
[1.082s] Copying build/self_driving_car_pkg/self_driving_car_pkg.egg-info to /home/leelang/auto_ws/src/self_driving_car_pkg/install/self_driving_car_pkg/lib/python3.10/site-packages/self_driving_car_pkg-0.0.0-py3.10.egg-info
[1.083s] running install_scripts
[1.103s] writing list of installed files to '/home/leelang/auto_ws/src/self_driving_car_pkg/build/self_driving_car_pkg/install.log'
[1.141s] Invoked command in '/home/leelang/auto_ws/src/self_driving_car_pkg' returned '0': PYTHONPATH=/home/leelang/auto_ws/src/self_driving_car_pkg/build/self_driving_car_pkg/prefix_override:/usr/lib/python3/dist-packages/colcon_core/task/python/colcon_distutils_commands:/home/leelang/auto_ws/src/self_driving_car_pkg/install/self_driving_car_pkg/lib/python3.10/site-packages:${PYTHONPATH} /usr/bin/python3 -W ignore:setup.py install is deprecated setup.py egg_info --egg-base build/self_driving_car_pkg build --build-base /home/leelang/auto_ws/src/self_driving_car_pkg/build/self_driving_car_pkg/build install --record /home/leelang/auto_ws/src/self_driving_car_pkg/build/self_driving_car_pkg/install.log --single-version-externally-managed install_data
