[2.208s] Invoking command in '/home/leelang/auto_ws/src/self_driving_car_pkg': PYTHONPATH=/home/leelang/auto_ws/build/self_driving_car_pkg/prefix_override:/usr/lib/python3/dist-packages/colcon_core/task/python/colcon_distutils_commands:/home/leelang/auto_ws/install/self_driving_car_pkg/lib/python3.10/site-packages:${PYTHONPATH} /usr/bin/python3 -W ignore:setup.py install is deprecated setup.py egg_info --egg-base ../../build/self_driving_car_pkg build --build-base /home/leelang/auto_ws/build/self_driving_car_pkg/build install --record /home/leelang/auto_ws/build/self_driving_car_pkg/install.log --single-version-externally-managed install_data
[2.849s] running egg_info
[2.851s] writing ../../build/self_driving_car_pkg/self_driving_car_pkg.egg-info/PKG-INFO
[2.851s] writing dependency_links to ../../build/self_driving_car_pkg/self_driving_car_pkg.egg-info/dependency_links.txt
[2.851s] writing entry points to ../../build/self_driving_car_pkg/self_driving_car_pkg.egg-info/entry_points.txt
[2.851s] writing requirements to ../../build/self_driving_car_pkg/self_driving_car_pkg.egg-info/requires.txt
[2.851s] writing top-level names to ../../build/self_driving_car_pkg/self_driving_car_pkg.egg-info/top_level.txt
[2.853s] reading manifest file '../../build/self_driving_car_pkg/self_driving_car_pkg.egg-info/SOURCES.txt'
[2.855s] writing manifest file '../../build/self_driving_car_pkg/self_driving_car_pkg.egg-info/SOURCES.txt'
[2.862s] running build
[2.864s] running build_py
[2.865s] copying self_driving_car_pkg/drive_node.py -> /home/leelang/auto_ws/build/self_driving_car_pkg/build/lib/self_driving_car_pkg
[2.865s] running install
[2.871s] running install_lib
[2.871s] copying /home/leelang/auto_ws/build/self_driving_car_pkg/build/lib/self_driving_car_pkg/drive_node.py -> /home/leelang/auto_ws/install/self_driving_car_pkg/lib/python3.10/site-packages/self_driving_car_pkg
[2.871s] byte-compiling /home/leelang/auto_ws/install/self_driving_car_pkg/lib/python3.10/site-packages/self_driving_car_pkg/drive_node.py to drive_node.cpython-310.pyc
[2.872s] running install_data
[2.872s] running install_egg_info
[2.881s] removing '/home/leelang/auto_ws/install/self_driving_car_pkg/lib/python3.10/site-packages/self_driving_car_pkg-0.0.0-py3.10.egg-info' (and everything under it)
[2.881s] Copying ../../build/self_driving_car_pkg/self_driving_car_pkg.egg-info to /home/leelang/auto_ws/install/self_driving_car_pkg/lib/python3.10/site-packages/self_driving_car_pkg-0.0.0-py3.10.egg-info
[2.889s] running install_scripts
[2.942s] Installing drive_node script to /home/leelang/auto_ws/install/self_driving_car_pkg/lib/self_driving_car_pkg
[2.942s] writing list of installed files to '/home/leelang/auto_ws/build/self_driving_car_pkg/install.log'
[3.082s] Invoked command in '/home/leelang/auto_ws/src/self_driving_car_pkg' returned '0': PYTHONPATH=/home/leelang/auto_ws/build/self_driving_car_pkg/prefix_override:/usr/lib/python3/dist-packages/colcon_core/task/python/colcon_distutils_commands:/home/leelang/auto_ws/install/self_driving_car_pkg/lib/python3.10/site-packages:${PYTHONPATH} /usr/bin/python3 -W ignore:setup.py install is deprecated setup.py egg_info --egg-base ../../build/self_driving_car_pkg build --build-base /home/leelang/auto_ws/build/self_driving_car_pkg/build install --record /home/leelang/auto_ws/build/self_driving_car_pkg/install.log --single-version-externally-managed install_data
